mode: atomic
github.com/vshulcz/Golectra/internal/adapters/audit/file/writer.go:20.31,22.2 1 1
github.com/vshulcz/Golectra/internal/adapters/audit/file/writer.go:25.76,26.30 1 1
github.com/vshulcz/Golectra/internal/adapters/audit/file/writer.go:26.30,28.3 1 0
github.com/vshulcz/Golectra/internal/adapters/audit/file/writer.go:30.2,31.16 2 1
github.com/vshulcz/Golectra/internal/adapters/audit/file/writer.go:31.16,33.3 1 0
github.com/vshulcz/Golectra/internal/adapters/audit/file/writer.go:35.2,39.16 4 1
github.com/vshulcz/Golectra/internal/adapters/audit/file/writer.go:39.16,41.3 1 0
github.com/vshulcz/Golectra/internal/adapters/audit/file/writer.go:42.2,42.15 1 1
github.com/vshulcz/Golectra/internal/adapters/audit/file/writer.go:42.15,43.54 1 1
github.com/vshulcz/Golectra/internal/adapters/audit/file/writer.go:43.54,45.4 1 0
github.com/vshulcz/Golectra/internal/adapters/audit/file/writer.go:48.2,48.58 1 1
github.com/vshulcz/Golectra/internal/adapters/audit/file/writer.go:48.58,50.3 1 0
github.com/vshulcz/Golectra/internal/adapters/audit/file/writer.go:51.2,51.12 1 1
github.com/vshulcz/Golectra/internal/adapters/audit/remote/client.go:24.59,25.37 1 2
github.com/vshulcz/Golectra/internal/adapters/audit/remote/client.go:25.37,27.3 1 0
github.com/vshulcz/Golectra/internal/adapters/audit/remote/client.go:28.2,28.55 1 2
github.com/vshulcz/Golectra/internal/adapters/audit/remote/client.go:28.55,30.3 1 0
github.com/vshulcz/Golectra/internal/adapters/audit/remote/client.go:31.2,31.15 1 2
github.com/vshulcz/Golectra/internal/adapters/audit/remote/client.go:31.15,33.3 1 0
github.com/vshulcz/Golectra/internal/adapters/audit/remote/client.go:34.2,34.47 1 2
github.com/vshulcz/Golectra/internal/adapters/audit/remote/client.go:38.78,39.14 1 2
github.com/vshulcz/Golectra/internal/adapters/audit/remote/client.go:39.14,41.3 1 0
github.com/vshulcz/Golectra/internal/adapters/audit/remote/client.go:42.2,43.16 2 2
github.com/vshulcz/Golectra/internal/adapters/audit/remote/client.go:43.16,45.3 1 0
github.com/vshulcz/Golectra/internal/adapters/audit/remote/client.go:47.2,48.16 2 2
github.com/vshulcz/Golectra/internal/adapters/audit/remote/client.go:48.16,50.3 1 0
github.com/vshulcz/Golectra/internal/adapters/audit/remote/client.go:51.2,54.16 3 2
github.com/vshulcz/Golectra/internal/adapters/audit/remote/client.go:54.16,56.3 1 0
github.com/vshulcz/Golectra/internal/adapters/audit/remote/client.go:57.2,57.15 1 2
github.com/vshulcz/Golectra/internal/adapters/audit/remote/client.go:57.15,58.62 1 2
github.com/vshulcz/Golectra/internal/adapters/audit/remote/client.go:58.62,60.4 1 0
github.com/vshulcz/Golectra/internal/adapters/audit/remote/client.go:62.2,62.58 1 2
github.com/vshulcz/Golectra/internal/adapters/audit/remote/client.go:62.58,64.3 1 0
github.com/vshulcz/Golectra/internal/adapters/audit/remote/client.go:66.2,66.53 1 2
github.com/vshulcz/Golectra/internal/adapters/audit/remote/client.go:66.53,68.3 1 1
github.com/vshulcz/Golectra/internal/adapters/audit/remote/client.go:69.2,69.12 1 1
github.com/vshulcz/Golectra/internal/adapters/persistence/file/file.go:21.34,23.2 1 5
github.com/vshulcz/Golectra/internal/adapters/persistence/file/file.go:26.70,29.2 2 3
github.com/vshulcz/Golectra/internal/adapters/persistence/file/file.go:32.89,34.16 2 4
github.com/vshulcz/Golectra/internal/adapters/persistence/file/file.go:34.16,35.37 1 1
github.com/vshulcz/Golectra/internal/adapters/persistence/file/file.go:35.37,37.4 1 1
github.com/vshulcz/Golectra/internal/adapters/persistence/file/file.go:38.3,38.37 1 0
github.com/vshulcz/Golectra/internal/adapters/persistence/file/file.go:40.2,40.15 1 3
github.com/vshulcz/Golectra/internal/adapters/persistence/file/file.go:40.15,41.54 1 3
github.com/vshulcz/Golectra/internal/adapters/persistence/file/file.go:41.54,43.4 1 0
github.com/vshulcz/Golectra/internal/adapters/persistence/file/file.go:46.2,47.58 2 3
github.com/vshulcz/Golectra/internal/adapters/persistence/file/file.go:47.58,49.3 1 1
github.com/vshulcz/Golectra/internal/adapters/persistence/file/file.go:51.2,51.36 1 2
github.com/vshulcz/Golectra/internal/adapters/persistence/file/file.go:54.58,57.29 3 3
github.com/vshulcz/Golectra/internal/adapters/persistence/file/file.go:57.29,60.3 2 1
github.com/vshulcz/Golectra/internal/adapters/persistence/file/file.go:61.2,61.31 1 3
github.com/vshulcz/Golectra/internal/adapters/persistence/file/file.go:61.31,64.3 2 1
github.com/vshulcz/Golectra/internal/adapters/persistence/file/file.go:65.2,65.14 1 3
github.com/vshulcz/Golectra/internal/adapters/persistence/file/file.go:68.74,70.29 2 3
github.com/vshulcz/Golectra/internal/adapters/persistence/file/file.go:70.29,71.49 1 3
github.com/vshulcz/Golectra/internal/adapters/persistence/file/file.go:71.49,73.4 1 0
github.com/vshulcz/Golectra/internal/adapters/persistence/file/file.go:75.2,76.16 2 3
github.com/vshulcz/Golectra/internal/adapters/persistence/file/file.go:76.16,78.3 1 0
github.com/vshulcz/Golectra/internal/adapters/persistence/file/file.go:79.2,81.15 3 3
github.com/vshulcz/Golectra/internal/adapters/persistence/file/file.go:81.15,82.17 1 3
github.com/vshulcz/Golectra/internal/adapters/persistence/file/file.go:82.17,83.57 1 0
github.com/vshulcz/Golectra/internal/adapters/persistence/file/file.go:83.57,85.5 1 0
github.com/vshulcz/Golectra/internal/adapters/persistence/file/file.go:87.3,87.14 1 3
github.com/vshulcz/Golectra/internal/adapters/persistence/file/file.go:87.14,88.62 1 1
github.com/vshulcz/Golectra/internal/adapters/persistence/file/file.go:88.62,90.5 1 0
github.com/vshulcz/Golectra/internal/adapters/persistence/file/file.go:93.2,95.42 3 3
github.com/vshulcz/Golectra/internal/adapters/persistence/file/file.go:95.42,97.3 1 0
github.com/vshulcz/Golectra/internal/adapters/persistence/file/file.go:98.2,98.36 1 3
github.com/vshulcz/Golectra/internal/adapters/persistence/file/file.go:98.36,100.3 1 0
github.com/vshulcz/Golectra/internal/adapters/persistence/file/file.go:101.2,102.49 2 3
github.com/vshulcz/Golectra/internal/adapters/persistence/file/file.go:102.49,104.3 1 1
github.com/vshulcz/Golectra/internal/adapters/persistence/file/file.go:105.2,106.12 2 2
github.com/vshulcz/Golectra/internal/adapters/http/ginserver/handler.go:24.48,26.2 1 13
github.com/vshulcz/Golectra/internal/adapters/http/ginserver/handler.go:29.18,32.3 2 5
github.com/vshulcz/Golectra/internal/adapters/http/ginserver/handler.go:35.72,40.43 5 9
github.com/vshulcz/Golectra/internal/adapters/http/ginserver/handler.go:40.43,42.22 2 1
github.com/vshulcz/Golectra/internal/adapters/http/ginserver/handler.go:42.23,42.24 0 0
github.com/vshulcz/Golectra/internal/adapters/http/ginserver/handler.go:44.2,44.20 1 8
github.com/vshulcz/Golectra/internal/adapters/http/ginserver/handler.go:44.20,47.3 2 8
github.com/vshulcz/Golectra/internal/adapters/http/ginserver/handler.go:48.2,48.28 1 8
github.com/vshulcz/Golectra/internal/adapters/http/ginserver/handler.go:51.60,52.21 1 8
github.com/vshulcz/Golectra/internal/adapters/http/ginserver/handler.go:52.21,54.3 1 1
github.com/vshulcz/Golectra/internal/adapters/http/ginserver/handler.go:55.2,57.14 3 7
github.com/vshulcz/Golectra/internal/adapters/http/ginserver/handler.go:61.48,63.41 2 8
github.com/vshulcz/Golectra/internal/adapters/http/ginserver/handler.go:63.41,66.3 2 0
github.com/vshulcz/Golectra/internal/adapters/http/ginserver/handler.go:68.2,69.20 2 8
github.com/vshulcz/Golectra/internal/adapters/http/ginserver/handler.go:70.28,72.17 2 4
github.com/vshulcz/Golectra/internal/adapters/http/ginserver/handler.go:72.17,75.4 2 1
github.com/vshulcz/Golectra/internal/adapters/http/ginserver/handler.go:76.3,76.69 1 3
github.com/vshulcz/Golectra/internal/adapters/http/ginserver/handler.go:78.30,80.17 2 3
github.com/vshulcz/Golectra/internal/adapters/http/ginserver/handler.go:80.17,83.4 2 1
github.com/vshulcz/Golectra/internal/adapters/http/ginserver/handler.go:84.3,84.69 1 2
github.com/vshulcz/Golectra/internal/adapters/http/ginserver/handler.go:86.10,88.9 2 1
github.com/vshulcz/Golectra/internal/adapters/http/ginserver/handler.go:90.2,91.48 2 5
github.com/vshulcz/Golectra/internal/adapters/http/ginserver/handler.go:91.48,94.3 2 0
github.com/vshulcz/Golectra/internal/adapters/http/ginserver/handler.go:95.2,95.66 1 5
github.com/vshulcz/Golectra/internal/adapters/http/ginserver/handler.go:99.45,103.16 3 4
github.com/vshulcz/Golectra/internal/adapters/http/ginserver/handler.go:103.16,106.3 2 1
github.com/vshulcz/Golectra/internal/adapters/http/ginserver/handler.go:108.2,108.20 1 3
github.com/vshulcz/Golectra/internal/adapters/http/ginserver/handler.go:109.28,110.107 1 2
github.com/vshulcz/Golectra/internal/adapters/http/ginserver/handler.go:111.30,112.96 1 1
github.com/vshulcz/Golectra/internal/adapters/http/ginserver/handler.go:113.10,114.49 1 0
github.com/vshulcz/Golectra/internal/adapters/http/ginserver/handler.go:119.41,121.16 2 2
github.com/vshulcz/Golectra/internal/adapters/http/ginserver/handler.go:121.16,124.3 2 0
github.com/vshulcz/Golectra/internal/adapters/http/ginserver/handler.go:126.2,133.32 7 2
github.com/vshulcz/Golectra/internal/adapters/http/ginserver/handler.go:133.32,139.3 5 4
github.com/vshulcz/Golectra/internal/adapters/http/ginserver/handler.go:140.2,143.34 3 2
github.com/vshulcz/Golectra/internal/adapters/http/ginserver/handler.go:143.34,149.3 5 4
github.com/vshulcz/Golectra/internal/adapters/http/ginserver/handler.go:150.2,154.72 3 2
github.com/vshulcz/Golectra/internal/adapters/http/ginserver/handler.go:158.52,160.78 2 10
github.com/vshulcz/Golectra/internal/adapters/http/ginserver/handler.go:160.78,163.3 2 2
github.com/vshulcz/Golectra/internal/adapters/http/ginserver/handler.go:165.2,167.16 3 8
github.com/vshulcz/Golectra/internal/adapters/http/ginserver/handler.go:167.16,170.3 2 3
github.com/vshulcz/Golectra/internal/adapters/http/ginserver/handler.go:171.2,171.28 1 5
github.com/vshulcz/Golectra/internal/adapters/http/ginserver/handler.go:175.49,177.78 2 8
github.com/vshulcz/Golectra/internal/adapters/http/ginserver/handler.go:177.78,180.3 2 1
github.com/vshulcz/Golectra/internal/adapters/http/ginserver/handler.go:182.2,183.16 2 7
github.com/vshulcz/Golectra/internal/adapters/http/ginserver/handler.go:183.16,186.3 2 2
github.com/vshulcz/Golectra/internal/adapters/http/ginserver/handler.go:187.2,187.28 1 5
github.com/vshulcz/Golectra/internal/adapters/http/ginserver/handler.go:191.58,193.16 2 9
github.com/vshulcz/Golectra/internal/adapters/http/ginserver/handler.go:193.16,196.3 2 1
github.com/vshulcz/Golectra/internal/adapters/http/ginserver/handler.go:197.2,201.16 5 8
github.com/vshulcz/Golectra/internal/adapters/http/ginserver/handler.go:201.16,204.3 2 3
github.com/vshulcz/Golectra/internal/adapters/http/ginserver/handler.go:205.2,205.50 1 5
github.com/vshulcz/Golectra/internal/adapters/http/ginserver/handler.go:209.40,210.56 1 2
github.com/vshulcz/Golectra/internal/adapters/http/ginserver/handler.go:210.56,213.3 2 1
github.com/vshulcz/Golectra/internal/adapters/http/ginserver/handler.go:214.2,214.31 1 1
github.com/vshulcz/Golectra/internal/adapters/http/ginserver/handler.go:218.48,220.16 2 1
github.com/vshulcz/Golectra/internal/adapters/http/ginserver/handler.go:220.16,223.3 2 0
github.com/vshulcz/Golectra/internal/adapters/http/ginserver/handler.go:224.2,227.4 1 1
github.com/vshulcz/Golectra/internal/adapters/http/ginserver/handler.go:230.43,231.9 1 9
github.com/vshulcz/Golectra/internal/adapters/http/ginserver/handler.go:232.18,233.9 1 0
github.com/vshulcz/Golectra/internal/adapters/http/ginserver/handler.go:234.42,235.45 1 2
github.com/vshulcz/Golectra/internal/adapters/http/ginserver/handler.go:236.45,237.49 1 6
github.com/vshulcz/Golectra/internal/adapters/http/ginserver/handler.go:238.10,239.61 1 1
github.com/vshulcz/Golectra/internal/adapters/http/ginserver/router.go:11.87,15.33 3 12
github.com/vshulcz/Golectra/internal/adapters/http/ginserver/router.go:15.33,17.3 1 30
github.com/vshulcz/Golectra/internal/adapters/http/ginserver/router.go:19.2,23.34 4 12
github.com/vshulcz/Golectra/internal/adapters/http/ginserver/router.go:23.34,25.3 1 1
github.com/vshulcz/Golectra/internal/adapters/http/ginserver/router.go:27.2,43.10 12 12
github.com/vshulcz/Golectra/internal/adapters/publisher/httpjson/client.go:35.19,37.4 1 12
github.com/vshulcz/Golectra/internal/adapters/publisher/httpjson/client.go:40.19,42.4 1 4
github.com/vshulcz/Golectra/internal/adapters/publisher/httpjson/client.go:47.75,48.15 1 27
github.com/vshulcz/Golectra/internal/adapters/publisher/httpjson/client.go:48.15,50.3 1 11
github.com/vshulcz/Golectra/internal/adapters/publisher/httpjson/client.go:51.2,52.16 2 27
github.com/vshulcz/Golectra/internal/adapters/publisher/httpjson/client.go:52.16,54.3 1 1
github.com/vshulcz/Golectra/internal/adapters/publisher/httpjson/client.go:55.2,55.67 1 26
github.com/vshulcz/Golectra/internal/adapters/publisher/httpjson/client.go:58.37,59.73 1 31
github.com/vshulcz/Golectra/internal/adapters/publisher/httpjson/client.go:59.73,61.3 1 29
github.com/vshulcz/Golectra/internal/adapters/publisher/httpjson/client.go:62.2,62.46 1 2
github.com/vshulcz/Golectra/internal/adapters/publisher/httpjson/client.go:65.47,69.2 3 26
github.com/vshulcz/Golectra/internal/adapters/publisher/httpjson/client.go:72.71,74.2 1 13
github.com/vshulcz/Golectra/internal/adapters/publisher/httpjson/client.go:77.81,78.23 1 7
github.com/vshulcz/Golectra/internal/adapters/publisher/httpjson/client.go:78.23,80.3 1 2
github.com/vshulcz/Golectra/internal/adapters/publisher/httpjson/client.go:81.2,81.45 1 5
github.com/vshulcz/Golectra/internal/adapters/publisher/httpjson/client.go:84.89,86.16 2 18
github.com/vshulcz/Golectra/internal/adapters/publisher/httpjson/client.go:86.16,88.3 1 0
github.com/vshulcz/Golectra/internal/adapters/publisher/httpjson/client.go:90.2,91.17 2 18
github.com/vshulcz/Golectra/internal/adapters/publisher/httpjson/client.go:91.17,93.3 1 1
github.com/vshulcz/Golectra/internal/adapters/publisher/httpjson/client.go:95.2,96.16 2 18
github.com/vshulcz/Golectra/internal/adapters/publisher/httpjson/client.go:96.16,98.3 1 0
github.com/vshulcz/Golectra/internal/adapters/publisher/httpjson/client.go:99.2,102.66 3 18
github.com/vshulcz/Golectra/internal/adapters/publisher/httpjson/client.go:102.66,104.3 1 24
github.com/vshulcz/Golectra/internal/adapters/publisher/httpjson/client.go:105.2,105.16 1 18
github.com/vshulcz/Golectra/internal/adapters/publisher/httpjson/client.go:105.16,107.3 1 3
github.com/vshulcz/Golectra/internal/adapters/publisher/httpjson/client.go:108.2,108.15 1 15
github.com/vshulcz/Golectra/internal/adapters/publisher/httpjson/client.go:108.15,109.62 1 15
github.com/vshulcz/Golectra/internal/adapters/publisher/httpjson/client.go:109.62,111.4 1 0
github.com/vshulcz/Golectra/internal/adapters/publisher/httpjson/client.go:114.2,114.46 1 15
github.com/vshulcz/Golectra/internal/adapters/publisher/httpjson/client.go:114.46,116.3 1 2
github.com/vshulcz/Golectra/internal/adapters/publisher/httpjson/client.go:117.2,117.30 1 13
github.com/vshulcz/Golectra/internal/adapters/publisher/httpjson/client.go:125.42,127.2 1 3
github.com/vshulcz/Golectra/internal/adapters/publisher/httpjson/client.go:129.38,130.16 1 20
github.com/vshulcz/Golectra/internal/adapters/publisher/httpjson/client.go:130.16,132.3 1 1
github.com/vshulcz/Golectra/internal/adapters/publisher/httpjson/client.go:133.2,134.25 2 19
github.com/vshulcz/Golectra/internal/adapters/publisher/httpjson/client.go:134.25,135.18 1 5
github.com/vshulcz/Golectra/internal/adapters/publisher/httpjson/client.go:137.58,138.15 1 4
github.com/vshulcz/Golectra/internal/adapters/publisher/httpjson/client.go:139.11,140.16 1 1
github.com/vshulcz/Golectra/internal/adapters/publisher/httpjson/client.go:143.2,144.28 2 14
github.com/vshulcz/Golectra/internal/adapters/publisher/httpjson/client.go:144.28,146.3 1 7
github.com/vshulcz/Golectra/internal/adapters/publisher/httpjson/client.go:147.2,148.49 2 7
github.com/vshulcz/Golectra/internal/adapters/publisher/httpjson/client.go:148.49,150.3 1 2
github.com/vshulcz/Golectra/internal/adapters/publisher/httpjson/client.go:151.2,153.32 1 5
github.com/vshulcz/Golectra/internal/adapters/publisher/httpjson/client.go:156.47,157.20 1 18
github.com/vshulcz/Golectra/internal/adapters/publisher/httpjson/client.go:157.20,159.3 1 0
github.com/vshulcz/Golectra/internal/adapters/publisher/httpjson/client.go:160.2,161.16 2 18
github.com/vshulcz/Golectra/internal/adapters/publisher/httpjson/client.go:161.16,163.3 1 0
github.com/vshulcz/Golectra/internal/adapters/publisher/httpjson/client.go:164.2,164.15 1 18
github.com/vshulcz/Golectra/internal/adapters/publisher/httpjson/client.go:171.44,172.30 1 18
github.com/vshulcz/Golectra/internal/adapters/publisher/httpjson/client.go:172.30,174.3 1 0
github.com/vshulcz/Golectra/internal/adapters/publisher/httpjson/client.go:175.2,175.22 1 18
github.com/vshulcz/Golectra/internal/adapters/publisher/httpjson/client.go:178.39,179.30 1 18
github.com/vshulcz/Golectra/internal/adapters/publisher/httpjson/client.go:179.30,181.3 1 0
github.com/vshulcz/Golectra/internal/adapters/publisher/httpjson/client.go:182.2,184.13 3 18
github.com/vshulcz/Golectra/internal/adapters/publisher/httpjson/client.go:187.56,192.41 5 18
github.com/vshulcz/Golectra/internal/adapters/publisher/httpjson/client.go:192.41,198.3 5 0
github.com/vshulcz/Golectra/internal/adapters/publisher/httpjson/client.go:199.2,199.35 1 18
github.com/vshulcz/Golectra/internal/adapters/publisher/httpjson/client.go:199.35,204.3 4 0
github.com/vshulcz/Golectra/internal/adapters/publisher/httpjson/client.go:205.2,206.42 2 18
github.com/vshulcz/Golectra/internal/adapters/publisher/httpjson/client.go:209.124,211.16 2 24
github.com/vshulcz/Golectra/internal/adapters/publisher/httpjson/client.go:211.16,213.3 1 0
github.com/vshulcz/Golectra/internal/adapters/publisher/httpjson/client.go:214.2,218.22 5 24
github.com/vshulcz/Golectra/internal/adapters/publisher/httpjson/client.go:218.22,220.3 1 1
github.com/vshulcz/Golectra/internal/adapters/publisher/httpjson/client.go:222.2,222.17 1 24
github.com/vshulcz/Golectra/internal/adapters/publisher/httpjson/client.go:225.114,227.21 2 18
github.com/vshulcz/Golectra/internal/adapters/publisher/httpjson/client.go:227.21,229.17 2 24
github.com/vshulcz/Golectra/internal/adapters/publisher/httpjson/client.go:229.17,231.4 1 0
github.com/vshulcz/Golectra/internal/adapters/publisher/httpjson/client.go:232.3,234.13 3 24
github.com/vshulcz/Golectra/internal/adapters/publisher/httpjson/client.go:236.2,236.82 1 18
github.com/vshulcz/Golectra/internal/adapters/publisher/httpjson/client.go:236.82,238.3 1 3
github.com/vshulcz/Golectra/internal/adapters/publisher/httpjson/client.go:239.2,239.18 1 15
github.com/vshulcz/Golectra/internal/adapters/publisher/httpjson/client.go:242.49,244.84 2 15
github.com/vshulcz/Golectra/internal/adapters/publisher/httpjson/client.go:244.84,246.17 2 5
github.com/vshulcz/Golectra/internal/adapters/publisher/httpjson/client.go:246.17,248.4 1 2
github.com/vshulcz/Golectra/internal/adapters/publisher/httpjson/client.go:249.3,249.16 1 3
github.com/vshulcz/Golectra/internal/adapters/publisher/httpjson/client.go:249.16,251.4 1 3
github.com/vshulcz/Golectra/internal/adapters/publisher/httpjson/client.go:252.3,252.9 1 3
github.com/vshulcz/Golectra/internal/adapters/publisher/httpjson/client.go:254.2,254.50 1 13
github.com/vshulcz/Golectra/internal/adapters/publisher/httpjson/client.go:254.50,256.3 1 0
github.com/vshulcz/Golectra/internal/adapters/publisher/httpjson/client.go:257.2,257.12 1 13
github.com/vshulcz/Golectra/internal/adapters/publisher/httpjson/client.go:260.49,261.38 1 13
github.com/vshulcz/Golectra/internal/adapters/publisher/httpjson/client.go:261.38,263.3 1 3
github.com/vshulcz/Golectra/internal/adapters/publisher/httpjson/client.go:264.2,264.12 1 10
github.com/vshulcz/Golectra/internal/adapters/collector/runtime/runtime.go:28.23,34.2 1 5
github.com/vshulcz/Golectra/internal/adapters/collector/runtime/runtime.go:37.78,40.12 3 5
github.com/vshulcz/Golectra/internal/adapters/collector/runtime/runtime.go:40.12,44.7 4 5
github.com/vshulcz/Golectra/internal/adapters/collector/runtime/runtime.go:44.7,45.11 1 17
github.com/vshulcz/Golectra/internal/adapters/collector/runtime/runtime.go:46.22,47.11 1 0
github.com/vshulcz/Golectra/internal/adapters/collector/runtime/runtime.go:48.18,49.11 1 5
github.com/vshulcz/Golectra/internal/adapters/collector/runtime/runtime.go:50.15,82.35 30 12
github.com/vshulcz/Golectra/internal/adapters/collector/runtime/runtime.go:87.2,89.12 3 5
github.com/vshulcz/Golectra/internal/adapters/collector/runtime/runtime.go:89.12,92.7 3 5
github.com/vshulcz/Golectra/internal/adapters/collector/runtime/runtime.go:92.7,93.11 1 17
github.com/vshulcz/Golectra/internal/adapters/collector/runtime/runtime.go:94.22,95.11 1 0
github.com/vshulcz/Golectra/internal/adapters/collector/runtime/runtime.go:96.18,97.11 1 5
github.com/vshulcz/Golectra/internal/adapters/collector/runtime/runtime.go:98.18,99.64 1 12
github.com/vshulcz/Golectra/internal/adapters/collector/runtime/runtime.go:99.64,102.6 2 12
github.com/vshulcz/Golectra/internal/adapters/collector/runtime/runtime.go:103.5,103.53 1 12
github.com/vshulcz/Golectra/internal/adapters/collector/runtime/runtime.go:103.53,104.28 1 12
github.com/vshulcz/Golectra/internal/adapters/collector/runtime/runtime.go:104.28,106.7 1 96
github.com/vshulcz/Golectra/internal/adapters/collector/runtime/runtime.go:112.2,112.12 1 5
github.com/vshulcz/Golectra/internal/adapters/collector/runtime/runtime.go:116.28,117.9 1 5
github.com/vshulcz/Golectra/internal/adapters/collector/runtime/runtime.go:118.16,118.16 0 0
github.com/vshulcz/Golectra/internal/adapters/collector/runtime/runtime.go:119.10,120.16 1 5
github.com/vshulcz/Golectra/internal/adapters/collector/runtime/runtime.go:122.2,122.13 1 5
github.com/vshulcz/Golectra/internal/adapters/collector/runtime/runtime.go:126.71,128.2 1 51
github.com/vshulcz/Golectra/internal/adapters/collector/runtime/state.go:14.24,19.2 1 5
github.com/vshulcz/Golectra/internal/adapters/collector/runtime/state.go:21.50,25.2 3 456
github.com/vshulcz/Golectra/internal/adapters/collector/runtime/state.go:27.50,31.2 3 12
github.com/vshulcz/Golectra/internal/adapters/collector/runtime/state.go:33.67,41.2 7 51
github.com/vshulcz/Golectra/internal/adapters/repository/memory/memory.go:23.18,28.2 1 11
github.com/vshulcz/Golectra/internal/adapters/repository/memory/memory.go:31.74,35.9 4 26
github.com/vshulcz/Golectra/internal/adapters/repository/memory/memory.go:35.9,37.3 1 7
github.com/vshulcz/Golectra/internal/adapters/repository/memory/memory.go:38.2,38.15 1 19
github.com/vshulcz/Golectra/internal/adapters/repository/memory/memory.go:42.74,46.9 4 23
github.com/vshulcz/Golectra/internal/adapters/repository/memory/memory.go:46.9,48.3 1 4
github.com/vshulcz/Golectra/internal/adapters/repository/memory/memory.go:49.2,49.15 1 19
github.com/vshulcz/Golectra/internal/adapters/repository/memory/memory.go:53.78,58.2 4 17
github.com/vshulcz/Golectra/internal/adapters/repository/memory/memory.go:61.78,66.2 4 18
github.com/vshulcz/Golectra/internal/adapters/repository/memory/memory.go:69.76,72.27 3 27
github.com/vshulcz/Golectra/internal/adapters/repository/memory/memory.go:72.27,73.19 1 4015
github.com/vshulcz/Golectra/internal/adapters/repository/memory/memory.go:74.29,75.23 1 11
github.com/vshulcz/Golectra/internal/adapters/repository/memory/memory.go:75.23,77.5 1 10
github.com/vshulcz/Golectra/internal/adapters/repository/memory/memory.go:78.31,79.23 1 4003
github.com/vshulcz/Golectra/internal/adapters/repository/memory/memory.go:79.23,81.5 1 4002
github.com/vshulcz/Golectra/internal/adapters/repository/memory/memory.go:82.11,82.11 0 1
github.com/vshulcz/Golectra/internal/adapters/repository/memory/memory.go:85.2,85.12 1 27
github.com/vshulcz/Golectra/internal/adapters/repository/memory/memory.go:89.69,97.2 7 1
github.com/vshulcz/Golectra/internal/adapters/repository/memory/memory.go:100.42,102.2 1 1
github.com/vshulcz/Golectra/internal/adapters/repository/postgres/migrate.go:14.32,16.53 2 0
github.com/vshulcz/Golectra/internal/adapters/repository/postgres/migrate.go:16.53,18.3 1 0
github.com/vshulcz/Golectra/internal/adapters/repository/postgres/migrate.go:19.2,19.35 1 0
github.com/vshulcz/Golectra/internal/adapters/repository/postgres/postgres.go:45.28,47.2 1 0
github.com/vshulcz/Golectra/internal/adapters/repository/postgres/postgres.go:50.73,53.21 3 11
github.com/vshulcz/Golectra/internal/adapters/repository/postgres/postgres.go:53.21,56.3 2 12
github.com/vshulcz/Golectra/internal/adapters/repository/postgres/postgres.go:57.2,57.80 1 11
github.com/vshulcz/Golectra/internal/adapters/repository/postgres/postgres.go:57.80,58.36 1 8
github.com/vshulcz/Golectra/internal/adapters/repository/postgres/postgres.go:58.36,60.4 1 1
github.com/vshulcz/Golectra/internal/adapters/repository/postgres/postgres.go:61.3,61.16 1 7
github.com/vshulcz/Golectra/internal/adapters/repository/postgres/postgres.go:63.2,63.14 1 3
github.com/vshulcz/Golectra/internal/adapters/repository/postgres/postgres.go:63.14,65.3 1 1
github.com/vshulcz/Golectra/internal/adapters/repository/postgres/postgres.go:66.2,66.23 1 2
github.com/vshulcz/Golectra/internal/adapters/repository/postgres/postgres.go:70.73,73.21 3 5
github.com/vshulcz/Golectra/internal/adapters/repository/postgres/postgres.go:73.21,76.3 2 6
github.com/vshulcz/Golectra/internal/adapters/repository/postgres/postgres.go:77.2,77.80 1 5
github.com/vshulcz/Golectra/internal/adapters/repository/postgres/postgres.go:77.80,78.36 1 2
github.com/vshulcz/Golectra/internal/adapters/repository/postgres/postgres.go:78.36,80.4 1 1
github.com/vshulcz/Golectra/internal/adapters/repository/postgres/postgres.go:81.3,81.16 1 1
github.com/vshulcz/Golectra/internal/adapters/repository/postgres/postgres.go:83.2,83.14 1 3
github.com/vshulcz/Golectra/internal/adapters/repository/postgres/postgres.go:83.14,85.3 1 1
github.com/vshulcz/Golectra/internal/adapters/repository/postgres/postgres.go:86.2,86.21 1 2
github.com/vshulcz/Golectra/internal/adapters/repository/postgres/postgres.go:90.73,96.21 2 3
github.com/vshulcz/Golectra/internal/adapters/repository/postgres/postgres.go:96.21,99.3 2 5
github.com/vshulcz/Golectra/internal/adapters/repository/postgres/postgres.go:100.2,100.64 1 3
github.com/vshulcz/Golectra/internal/adapters/repository/postgres/postgres.go:104.73,110.21 2 3
github.com/vshulcz/Golectra/internal/adapters/repository/postgres/postgres.go:110.21,113.3 2 4
github.com/vshulcz/Golectra/internal/adapters/repository/postgres/postgres.go:114.2,114.64 1 3
github.com/vshulcz/Golectra/internal/adapters/repository/postgres/postgres.go:118.78,119.21 1 6
github.com/vshulcz/Golectra/internal/adapters/repository/postgres/postgres.go:119.21,121.3 1 2
github.com/vshulcz/Golectra/internal/adapters/repository/postgres/postgres.go:123.2,134.26 3 4
github.com/vshulcz/Golectra/internal/adapters/repository/postgres/postgres.go:134.26,136.17 2 5
github.com/vshulcz/Golectra/internal/adapters/repository/postgres/postgres.go:136.17,138.4 1 0
github.com/vshulcz/Golectra/internal/adapters/repository/postgres/postgres.go:139.3,139.16 1 5
github.com/vshulcz/Golectra/internal/adapters/repository/postgres/postgres.go:139.16,141.4 1 5
github.com/vshulcz/Golectra/internal/adapters/repository/postgres/postgres.go:143.3,143.28 1 5
github.com/vshulcz/Golectra/internal/adapters/repository/postgres/postgres.go:143.28,144.20 1 14
github.com/vshulcz/Golectra/internal/adapters/repository/postgres/postgres.go:145.30,146.24 1 7
github.com/vshulcz/Golectra/internal/adapters/repository/postgres/postgres.go:146.24,147.14 1 1
github.com/vshulcz/Golectra/internal/adapters/repository/postgres/postgres.go:149.5,149.98 1 6
github.com/vshulcz/Golectra/internal/adapters/repository/postgres/postgres.go:149.98,151.6 1 0
github.com/vshulcz/Golectra/internal/adapters/repository/postgres/postgres.go:152.32,153.24 1 6
github.com/vshulcz/Golectra/internal/adapters/repository/postgres/postgres.go:153.24,154.14 1 1
github.com/vshulcz/Golectra/internal/adapters/repository/postgres/postgres.go:156.5,156.102 1 5
github.com/vshulcz/Golectra/internal/adapters/repository/postgres/postgres.go:156.102,158.6 1 1
github.com/vshulcz/Golectra/internal/adapters/repository/postgres/postgres.go:159.12,159.12 0 1
github.com/vshulcz/Golectra/internal/adapters/repository/postgres/postgres.go:162.3,162.37 1 4
github.com/vshulcz/Golectra/internal/adapters/repository/postgres/postgres.go:162.37,164.4 1 1
github.com/vshulcz/Golectra/internal/adapters/repository/postgres/postgres.go:165.3,165.13 1 3
github.com/vshulcz/Golectra/internal/adapters/repository/postgres/postgres.go:167.2,167.69 1 4
github.com/vshulcz/Golectra/internal/adapters/repository/postgres/postgres.go:171.71,176.21 4 3
github.com/vshulcz/Golectra/internal/adapters/repository/postgres/postgres.go:176.21,178.17 2 4
github.com/vshulcz/Golectra/internal/adapters/repository/postgres/postgres.go:178.17,180.4 1 2
github.com/vshulcz/Golectra/internal/adapters/repository/postgres/postgres.go:181.3,181.16 1 2
github.com/vshulcz/Golectra/internal/adapters/repository/postgres/postgres.go:181.16,183.4 1 2
github.com/vshulcz/Golectra/internal/adapters/repository/postgres/postgres.go:185.3,193.19 5 2
github.com/vshulcz/Golectra/internal/adapters/repository/postgres/postgres.go:193.19,194.57 1 4
github.com/vshulcz/Golectra/internal/adapters/repository/postgres/postgres.go:194.57,195.13 1 0
github.com/vshulcz/Golectra/internal/adapters/repository/postgres/postgres.go:197.4,197.17 1 4
github.com/vshulcz/Golectra/internal/adapters/repository/postgres/postgres.go:198.30,199.16 1 2
github.com/vshulcz/Golectra/internal/adapters/repository/postgres/postgres.go:199.16,201.6 1 2
github.com/vshulcz/Golectra/internal/adapters/repository/postgres/postgres.go:202.32,203.16 1 2
github.com/vshulcz/Golectra/internal/adapters/repository/postgres/postgres.go:203.16,205.6 1 2
github.com/vshulcz/Golectra/internal/adapters/repository/postgres/postgres.go:206.12,206.12 0 0
github.com/vshulcz/Golectra/internal/adapters/repository/postgres/postgres.go:209.3,211.13 3 2
github.com/vshulcz/Golectra/internal/adapters/repository/postgres/postgres.go:213.2,213.80 1 3
github.com/vshulcz/Golectra/internal/adapters/repository/postgres/postgres.go:213.80,215.3 1 1
github.com/vshulcz/Golectra/internal/adapters/repository/postgres/postgres.go:216.2,216.65 1 2
github.com/vshulcz/Golectra/internal/adapters/repository/postgres/postgres.go:220.48,221.17 1 4
github.com/vshulcz/Golectra/internal/adapters/repository/postgres/postgres.go:221.17,223.3 1 1
github.com/vshulcz/Golectra/internal/adapters/repository/postgres/postgres.go:224.2,226.21 3 3
github.com/vshulcz/Golectra/internal/adapters/repository/postgres/postgres.go:226.21,228.3 1 4
github.com/vshulcz/Golectra/internal/adapters/repository/postgres/postgres.go:229.2,229.64 1 3
github.com/vshulcz/Golectra/internal/adapters/repository/postgres/postgres.go:233.34,235.2 1 18
github.com/vshulcz/Golectra/internal/adapters/repository/postgres/postgres.go:237.36,238.16 1 59
github.com/vshulcz/Golectra/internal/adapters/repository/postgres/postgres.go:238.16,240.3 1 2
github.com/vshulcz/Golectra/internal/adapters/repository/postgres/postgres.go:241.2,241.39 1 57
github.com/vshulcz/Golectra/internal/adapters/repository/postgres/postgres.go:241.39,243.3 1 2
github.com/vshulcz/Golectra/internal/adapters/repository/postgres/postgres.go:244.2,245.28 2 55
github.com/vshulcz/Golectra/internal/adapters/repository/postgres/postgres.go:245.28,247.3 1 4
github.com/vshulcz/Golectra/internal/adapters/repository/postgres/postgres.go:248.2,249.26 2 51
github.com/vshulcz/Golectra/internal/adapters/repository/postgres/postgres.go:249.26,251.3 1 35
github.com/vshulcz/Golectra/internal/adapters/repository/postgres/postgres.go:252.2,252.14 1 16
github.com/vshulcz/Golectra/internal/adapters/repository/postgres/postgres.go:255.42,256.41 1 35
github.com/vshulcz/Golectra/internal/adapters/repository/postgres/postgres.go:256.41,258.3 1 28
github.com/vshulcz/Golectra/internal/adapters/repository/postgres/postgres.go:259.2,259.35 1 7
github.com/vshulcz/Golectra/internal/adapters/repository/postgres/postgres.go:259.35,261.3 1 0
github.com/vshulcz/Golectra/internal/adapters/repository/postgres/postgres.go:262.2,262.35 1 7
github.com/vshulcz/Golectra/internal/adapters/repository/postgres/postgres.go:262.35,264.3 1 0
github.com/vshulcz/Golectra/internal/adapters/repository/postgres/postgres.go:265.2,265.14 1 7
github.com/vshulcz/Golectra/internal/config/agent.go:29.73,30.16 1 7
github.com/vshulcz/Golectra/internal/config/agent.go:30.16,32.3 1 0
github.com/vshulcz/Golectra/internal/config/agent.go:34.2,49.39 13 7
github.com/vshulcz/Golectra/internal/config/agent.go:49.39,51.3 1 1
github.com/vshulcz/Golectra/internal/config/agent.go:53.2,55.53 3 6
github.com/vshulcz/Golectra/internal/config/agent.go:55.53,57.3 1 0
github.com/vshulcz/Golectra/internal/config/agent.go:59.2,62.17 3 6
github.com/vshulcz/Golectra/internal/config/agent.go:62.17,64.3 1 1
github.com/vshulcz/Golectra/internal/config/agent.go:66.2,67.15 2 5
github.com/vshulcz/Golectra/internal/config/agent.go:67.15,69.3 1 1
github.com/vshulcz/Golectra/internal/config/agent.go:71.2,79.8 2 4
github.com/vshulcz/Golectra/internal/config/agent.go:82.43,84.13 2 15
github.com/vshulcz/Golectra/internal/config/agent.go:84.13,86.3 1 2
github.com/vshulcz/Golectra/internal/config/agent.go:87.2,87.73 1 13
github.com/vshulcz/Golectra/internal/config/agent.go:87.73,89.3 1 8
github.com/vshulcz/Golectra/internal/config/agent.go:90.2,90.31 1 5
github.com/vshulcz/Golectra/internal/config/agent.go:90.31,92.3 1 3
github.com/vshulcz/Golectra/internal/config/agent.go:93.2,93.22 1 2
github.com/vshulcz/Golectra/internal/config/helpers.go:13.56,14.56 1 53
github.com/vshulcz/Golectra/internal/config/helpers.go:14.56,16.3 1 11
github.com/vshulcz/Golectra/internal/config/helpers.go:17.2,17.46 1 42
github.com/vshulcz/Golectra/internal/config/helpers.go:17.46,19.3 1 7
github.com/vshulcz/Golectra/internal/config/helpers.go:20.2,20.12 1 35
github.com/vshulcz/Golectra/internal/config/helpers.go:24.63,25.58 1 12
github.com/vshulcz/Golectra/internal/config/helpers.go:25.58,27.3 1 6
github.com/vshulcz/Golectra/internal/config/helpers.go:28.2,28.13 1 6
github.com/vshulcz/Golectra/internal/config/helpers.go:28.13,30.3 1 1
github.com/vshulcz/Golectra/internal/config/helpers.go:31.2,31.12 1 5
github.com/vshulcz/Golectra/internal/config/helpers.go:35.65,36.58 1 10
github.com/vshulcz/Golectra/internal/config/helpers.go:36.58,37.57 1 5
github.com/vshulcz/Golectra/internal/config/helpers.go:37.57,39.4 1 3
github.com/vshulcz/Golectra/internal/config/helpers.go:41.2,41.36 1 7
github.com/vshulcz/Golectra/internal/config/helpers.go:41.36,43.3 1 2
github.com/vshulcz/Golectra/internal/config/helpers.go:44.2,44.12 1 5
github.com/vshulcz/Golectra/internal/config/helpers.go:48.108,49.58 1 25
github.com/vshulcz/Golectra/internal/config/helpers.go:49.58,50.57 1 13
github.com/vshulcz/Golectra/internal/config/helpers.go:50.57,52.4 1 2
github.com/vshulcz/Golectra/internal/config/helpers.go:53.3,53.51 1 11
github.com/vshulcz/Golectra/internal/config/helpers.go:53.51,55.4 1 10
github.com/vshulcz/Golectra/internal/config/helpers.go:56.3,56.79 1 1
github.com/vshulcz/Golectra/internal/config/helpers.go:58.2,58.33 1 12
github.com/vshulcz/Golectra/internal/config/helpers.go:58.33,60.3 1 5
github.com/vshulcz/Golectra/internal/config/helpers.go:61.2,61.55 1 7
github.com/vshulcz/Golectra/internal/config/server.go:34.75,35.16 1 8
github.com/vshulcz/Golectra/internal/config/server.go:35.16,37.3 1 8
github.com/vshulcz/Golectra/internal/config/server.go:39.2,60.39 19 8
github.com/vshulcz/Golectra/internal/config/server.go:60.39,62.3 1 0
github.com/vshulcz/Golectra/internal/config/server.go:64.2,66.71 3 8
github.com/vshulcz/Golectra/internal/config/server.go:66.71,68.3 1 2
github.com/vshulcz/Golectra/internal/config/server.go:70.2,77.18 7 6
github.com/vshulcz/Golectra/internal/config/server.go:77.18,79.3 1 0
github.com/vshulcz/Golectra/internal/config/server.go:81.2,92.8 2 6
github.com/vshulcz/Golectra/internal/config/server.go:95.50,97.13 2 18
github.com/vshulcz/Golectra/internal/config/server.go:97.13,99.3 1 2
github.com/vshulcz/Golectra/internal/config/server.go:100.2,100.73 1 16
github.com/vshulcz/Golectra/internal/config/server.go:100.73,101.57 1 6
github.com/vshulcz/Golectra/internal/config/server.go:101.57,103.4 1 6
github.com/vshulcz/Golectra/internal/config/server.go:105.2,105.31 1 10
github.com/vshulcz/Golectra/internal/config/server.go:105.31,107.3 1 3
github.com/vshulcz/Golectra/internal/config/server.go:108.2,108.10 1 7
github.com/vshulcz/Golectra/internal/misc/env.go:11.37,12.34 1 2
github.com/vshulcz/Golectra/internal/misc/env.go:12.34,14.3 1 1
github.com/vshulcz/Golectra/internal/misc/env.go:15.2,15.12 1 1
github.com/vshulcz/Golectra/internal/misc/env.go:19.63,21.13 2 8
github.com/vshulcz/Golectra/internal/misc/env.go:21.13,23.3 1 1
github.com/vshulcz/Golectra/internal/misc/env.go:24.2,24.55 1 7
github.com/vshulcz/Golectra/internal/misc/env.go:24.55,25.13 1 3
github.com/vshulcz/Golectra/internal/misc/env.go:25.13,27.4 1 2
github.com/vshulcz/Golectra/internal/misc/env.go:28.3,28.40 1 1
github.com/vshulcz/Golectra/internal/misc/env.go:30.2,30.49 1 4
github.com/vshulcz/Golectra/internal/misc/env.go:30.49,31.13 1 3
github.com/vshulcz/Golectra/internal/misc/env.go:31.13,33.4 1 1
github.com/vshulcz/Golectra/internal/misc/env.go:34.3,34.11 1 2
github.com/vshulcz/Golectra/internal/misc/env.go:36.2,36.12 1 1
github.com/vshulcz/Golectra/internal/misc/env.go:40.41,42.13 2 13
github.com/vshulcz/Golectra/internal/misc/env.go:42.13,44.3 1 2
github.com/vshulcz/Golectra/internal/misc/env.go:45.2,45.11 1 11
github.com/vshulcz/Golectra/internal/misc/env.go:46.36,47.14 1 5
github.com/vshulcz/Golectra/internal/misc/env.go:48.36,49.15 1 5
github.com/vshulcz/Golectra/internal/misc/env.go:50.10,51.13 1 1
github.com/vshulcz/Golectra/internal/misc/hash.go:9.49,12.2 2 8
github.com/vshulcz/Golectra/internal/misc/retry.go:16.110,18.20 2 8
github.com/vshulcz/Golectra/internal/misc/retry.go:18.20,19.29 1 14
github.com/vshulcz/Golectra/internal/misc/retry.go:19.29,21.4 1 2
github.com/vshulcz/Golectra/internal/misc/retry.go:22.3,22.23 1 12
github.com/vshulcz/Golectra/internal/misc/retry.go:22.23,24.4 1 1
github.com/vshulcz/Golectra/internal/misc/retry.go:25.3,25.44 1 11
github.com/vshulcz/Golectra/internal/misc/retry.go:25.44,27.4 1 4
github.com/vshulcz/Golectra/internal/misc/retry.go:28.3,29.10 2 7
github.com/vshulcz/Golectra/internal/misc/retry.go:30.21,32.20 2 1
github.com/vshulcz/Golectra/internal/misc/retry.go:33.14,33.14 0 6
github.com/vshulcz/Golectra/internal/services/agent/agent.go:24.88,26.2 1 4
github.com/vshulcz/Golectra/internal/services/agent/agent.go:29.50,30.67 1 4
github.com/vshulcz/Golectra/internal/services/agent/agent.go:30.67,32.3 1 1
github.com/vshulcz/Golectra/internal/services/agent/agent.go:33.2,42.6 7 3
github.com/vshulcz/Golectra/internal/services/agent/agent.go:42.6,43.10 1 68
github.com/vshulcz/Golectra/internal/services/agent/agent.go:44.21,45.14 1 3
github.com/vshulcz/Golectra/internal/services/agent/agent.go:46.19,47.23 1 65
github.com/vshulcz/Golectra/internal/services/agent/agent.go:52.37,56.24 3 65
github.com/vshulcz/Golectra/internal/services/agent/agent.go:56.24,58.3 1 52
github.com/vshulcz/Golectra/internal/services/agent/agent.go:60.2,61.27 2 13
github.com/vshulcz/Golectra/internal/services/agent/agent.go:61.27,68.3 2 13
github.com/vshulcz/Golectra/internal/services/agent/agent.go:69.2,69.29 1 13
github.com/vshulcz/Golectra/internal/services/agent/agent.go:69.29,76.3 2 13
github.com/vshulcz/Golectra/internal/services/agent/agent.go:78.2,78.24 1 13
github.com/vshulcz/Golectra/internal/services/agent/agent.go:81.51,85.24 3 4
github.com/vshulcz/Golectra/internal/services/agent/agent.go:85.24,87.3 1 1
github.com/vshulcz/Golectra/internal/services/agent/agent.go:89.2,90.15 2 3
github.com/vshulcz/Golectra/internal/services/agent/agent.go:90.15,90.40 1 3
github.com/vshulcz/Golectra/internal/services/agent/agent.go:91.2,91.52 1 3
github.com/vshulcz/Golectra/internal/services/agent/agent.go:91.52,93.27 2 2
github.com/vshulcz/Golectra/internal/services/agent/agent.go:93.27,94.48 1 4
github.com/vshulcz/Golectra/internal/services/agent/agent.go:94.48,96.5 1 1
github.com/vshulcz/Golectra/internal/services/agent/agent.go:101.89,104.22 3 3
github.com/vshulcz/Golectra/internal/services/agent/agent.go:104.22,106.3 1 3
github.com/vshulcz/Golectra/internal/services/agent/agent.go:107.2,108.27 2 3
github.com/vshulcz/Golectra/internal/services/agent/agent.go:108.27,115.3 2 3
github.com/vshulcz/Golectra/internal/services/agent/agent.go:116.2,116.29 1 3
github.com/vshulcz/Golectra/internal/services/agent/agent.go:116.29,123.3 2 3
github.com/vshulcz/Golectra/internal/services/agent/agent.go:124.2,125.14 2 3
github.com/vshulcz/Golectra/internal/services/agent/agent.go:128.56,129.18 1 3
github.com/vshulcz/Golectra/internal/services/agent/agent.go:129.18,131.3 1 0
github.com/vshulcz/Golectra/internal/services/agent/agent.go:132.2,132.24 1 3
github.com/vshulcz/Golectra/internal/services/agent/sender.go:21.74,22.17 1 5
github.com/vshulcz/Golectra/internal/services/agent/sender.go:22.17,24.3 1 2
github.com/vshulcz/Golectra/internal/services/agent/sender.go:25.2,30.3 2 5
github.com/vshulcz/Golectra/internal/services/agent/sender.go:34.54,35.34 1 5
github.com/vshulcz/Golectra/internal/services/agent/sender.go:35.34,37.19 2 7
github.com/vshulcz/Golectra/internal/services/agent/sender.go:37.19,39.31 2 7
github.com/vshulcz/Golectra/internal/services/agent/sender.go:39.31,40.24 1 19
github.com/vshulcz/Golectra/internal/services/agent/sender.go:40.24,41.14 1 0
github.com/vshulcz/Golectra/internal/services/agent/sender.go:43.5,43.56 1 19
github.com/vshulcz/Golectra/internal/services/agent/sender.go:43.56,45.30 2 4
github.com/vshulcz/Golectra/internal/services/agent/sender.go:45.30,46.52 1 13
github.com/vshulcz/Golectra/internal/services/agent/sender.go:46.52,48.8 1 6
github.com/vshulcz/Golectra/internal/services/agent/sender.go:57.34,60.2 2 5
github.com/vshulcz/Golectra/internal/services/agent/sender.go:63.58,65.2 1 19
github.com/vshulcz/Golectra/internal/services/audit/context.go:10.67,12.2 1 1
github.com/vshulcz/Golectra/internal/services/audit/context.go:15.54,16.16 1 2
github.com/vshulcz/Golectra/internal/services/audit/context.go:16.16,18.3 1 0
github.com/vshulcz/Golectra/internal/services/audit/context.go:19.2,20.10 2 2
github.com/vshulcz/Golectra/internal/services/audit/subject.go:18.49,20.2 1 2
github.com/vshulcz/Golectra/internal/services/metrics/metrics.go:29.118,33.2 3 7
github.com/vshulcz/Golectra/internal/services/metrics/metrics.go:42.41,43.34 1 7
github.com/vshulcz/Golectra/internal/services/metrics/metrics.go:43.34,45.3 1 5
github.com/vshulcz/Golectra/internal/services/metrics/metrics.go:46.2,50.12 5 2
github.com/vshulcz/Golectra/internal/services/metrics/metrics.go:50.12,52.7 2 2
github.com/vshulcz/Golectra/internal/services/metrics/metrics.go:52.7,53.11 1 4
github.com/vshulcz/Golectra/internal/services/metrics/metrics.go:54.22,55.11 1 2
github.com/vshulcz/Golectra/internal/services/metrics/metrics.go:56.31,57.40 1 2
github.com/vshulcz/Golectra/internal/services/metrics/metrics.go:64.27,65.36 1 2
github.com/vshulcz/Golectra/internal/services/metrics/metrics.go:65.36,67.3 1 0
github.com/vshulcz/Golectra/internal/services/metrics/metrics.go:68.2,71.20 4 2
github.com/vshulcz/Golectra/internal/services/metrics/metrics.go:75.51,77.2 1 2
github.com/vshulcz/Golectra/internal/services/metrics/metrics.go:80.86,82.14 2 11
github.com/vshulcz/Golectra/internal/services/metrics/metrics.go:82.14,84.3 1 1
github.com/vshulcz/Golectra/internal/services/metrics/metrics.go:85.2,85.15 1 10
github.com/vshulcz/Golectra/internal/services/metrics/metrics.go:86.28,88.17 2 5
github.com/vshulcz/Golectra/internal/services/metrics/metrics.go:88.17,90.4 1 2
github.com/vshulcz/Golectra/internal/services/metrics/metrics.go:91.3,91.62 1 3
github.com/vshulcz/Golectra/internal/services/metrics/metrics.go:92.30,94.17 2 4
github.com/vshulcz/Golectra/internal/services/metrics/metrics.go:94.17,96.4 1 2
github.com/vshulcz/Golectra/internal/services/metrics/metrics.go:97.3,97.62 1 2
github.com/vshulcz/Golectra/internal/services/metrics/metrics.go:98.10,99.49 1 1
github.com/vshulcz/Golectra/internal/services/metrics/metrics.go:104.89,106.16 2 9
github.com/vshulcz/Golectra/internal/services/metrics/metrics.go:106.16,108.3 1 1
github.com/vshulcz/Golectra/internal/services/metrics/metrics.go:109.2,109.17 1 8
github.com/vshulcz/Golectra/internal/services/metrics/metrics.go:110.28,111.21 1 4
github.com/vshulcz/Golectra/internal/services/metrics/metrics.go:111.21,113.4 1 1
github.com/vshulcz/Golectra/internal/services/metrics/metrics.go:114.3,114.62 1 3
github.com/vshulcz/Golectra/internal/services/metrics/metrics.go:114.62,116.4 1 1
github.com/vshulcz/Golectra/internal/services/metrics/metrics.go:117.3,118.17 2 2
github.com/vshulcz/Golectra/internal/services/metrics/metrics.go:118.17,120.4 1 2
github.com/vshulcz/Golectra/internal/services/metrics/metrics.go:121.3,121.18 1 2
github.com/vshulcz/Golectra/internal/services/metrics/metrics.go:122.30,123.21 1 3
github.com/vshulcz/Golectra/internal/services/metrics/metrics.go:123.21,125.4 1 1
github.com/vshulcz/Golectra/internal/services/metrics/metrics.go:126.3,126.64 1 2
github.com/vshulcz/Golectra/internal/services/metrics/metrics.go:126.64,128.4 1 1
github.com/vshulcz/Golectra/internal/services/metrics/metrics.go:129.3,130.17 2 1
github.com/vshulcz/Golectra/internal/services/metrics/metrics.go:130.17,132.4 1 1
github.com/vshulcz/Golectra/internal/services/metrics/metrics.go:133.3,133.18 1 1
github.com/vshulcz/Golectra/internal/services/metrics/metrics.go:134.10,135.49 1 1
github.com/vshulcz/Golectra/internal/services/metrics/metrics.go:140.89,143.27 3 5
github.com/vshulcz/Golectra/internal/services/metrics/metrics.go:143.27,145.15 2 16
github.com/vshulcz/Golectra/internal/services/metrics/metrics.go:145.15,146.12 1 3
github.com/vshulcz/Golectra/internal/services/metrics/metrics.go:148.3,149.19 2 13
github.com/vshulcz/Golectra/internal/services/metrics/metrics.go:150.29,151.23 1 5
github.com/vshulcz/Golectra/internal/services/metrics/metrics.go:151.23,152.13 1 2
github.com/vshulcz/Golectra/internal/services/metrics/metrics.go:154.31,155.23 1 6
github.com/vshulcz/Golectra/internal/services/metrics/metrics.go:155.23,156.13 1 2
github.com/vshulcz/Golectra/internal/services/metrics/metrics.go:158.11,159.12 1 2
github.com/vshulcz/Golectra/internal/services/metrics/metrics.go:161.3,162.31 2 7
github.com/vshulcz/Golectra/internal/services/metrics/metrics.go:164.2,164.21 1 5
github.com/vshulcz/Golectra/internal/services/metrics/metrics.go:164.21,166.3 1 1
github.com/vshulcz/Golectra/internal/services/metrics/metrics.go:167.2,167.54 1 4
github.com/vshulcz/Golectra/internal/services/metrics/metrics.go:167.54,169.3 1 1
github.com/vshulcz/Golectra/internal/services/metrics/metrics.go:170.2,171.24 2 3
github.com/vshulcz/Golectra/internal/services/metrics/metrics.go:171.24,172.52 1 2
github.com/vshulcz/Golectra/internal/services/metrics/metrics.go:172.52,174.4 1 1
github.com/vshulcz/Golectra/internal/services/metrics/metrics.go:176.2,176.24 1 3
github.com/vshulcz/Golectra/internal/services/metrics/metrics.go:180.74,182.2 1 2
github.com/vshulcz/Golectra/internal/services/metrics/metrics.go:184.68,185.34 1 6
github.com/vshulcz/Golectra/internal/services/metrics/metrics.go:185.34,187.3 1 4
github.com/vshulcz/Golectra/internal/services/metrics/metrics.go:188.2,189.20 2 2
github.com/vshulcz/Golectra/internal/services/metrics/metrics.go:189.20,191.3 1 0
github.com/vshulcz/Golectra/internal/services/metrics/metrics.go:192.2,193.18 2 2
github.com/vshulcz/Golectra/internal/services/metrics/metrics.go:193.18,195.3 1 2
github.com/vshulcz/Golectra/internal/services/metrics/metrics.go:196.2,201.26 2 2
github.com/vshulcz/Golectra/internal/services/metrics/metrics.go:204.70,205.25 1 2
github.com/vshulcz/Golectra/internal/services/metrics/metrics.go:205.25,208.3 2 0
github.com/vshulcz/Golectra/internal/services/metrics/metrics.go:209.2,209.9 1 2
github.com/vshulcz/Golectra/internal/services/metrics/metrics.go:210.54,210.54 0 2
github.com/vshulcz/Golectra/internal/services/metrics/metrics.go:211.10,212.89 1 0
github.com/vshulcz/Golectra/internal/services/metrics/metrics.go:216.42,217.21 1 2
github.com/vshulcz/Golectra/internal/services/metrics/metrics.go:217.21,219.3 1 0
github.com/vshulcz/Golectra/internal/services/metrics/metrics.go:220.2,223.29 4 2
github.com/vshulcz/Golectra/internal/services/metrics/metrics.go:223.29,224.33 1 4
github.com/vshulcz/Golectra/internal/services/metrics/metrics.go:224.33,225.12 1 1
github.com/vshulcz/Golectra/internal/services/metrics/metrics.go:227.3,228.14 2 3
github.com/vshulcz/Golectra/internal/services/metrics/metrics.go:230.2,230.13 1 2
github.com/vshulcz/Golectra/pkg/observer/subject.go:19.67,20.14 1 2
github.com/vshulcz/Golectra/pkg/observer/subject.go:20.14,22.3 1 0
github.com/vshulcz/Golectra/pkg/observer/subject.go:23.2,23.20 1 2
github.com/vshulcz/Golectra/pkg/observer/subject.go:39.62,42.2 2 2
github.com/vshulcz/Golectra/pkg/observer/subject.go:45.58,46.14 1 2
github.com/vshulcz/Golectra/pkg/observer/subject.go:46.14,48.3 1 0
github.com/vshulcz/Golectra/pkg/observer/subject.go:50.2,55.32 5 2
github.com/vshulcz/Golectra/pkg/observer/subject.go:55.32,56.17 1 2
github.com/vshulcz/Golectra/pkg/observer/subject.go:56.17,57.12 1 0
github.com/vshulcz/Golectra/pkg/observer/subject.go:59.3,59.67 1 2
github.com/vshulcz/Golectra/pkg/observer/subject.go:59.67,61.4 1 1
github.com/vshulcz/Golectra/pkg/observer/subject.go:66.55,67.37 1 2
github.com/vshulcz/Golectra/pkg/observer/subject.go:67.37,69.3 1 0
github.com/vshulcz/Golectra/pkg/observer/subject.go:70.2,72.15 3 2
github.com/vshulcz/Golectra/pkg/observer/subject.go:76.54,77.14 1 1
github.com/vshulcz/Golectra/pkg/observer/subject.go:77.14,79.3 1 0
github.com/vshulcz/Golectra/pkg/observer/subject.go:80.2,82.15 3 1
github.com/vshulcz/Golectra/cmd/agent/main.go:17.13,19.16 2 0
github.com/vshulcz/Golectra/cmd/agent/main.go:19.16,21.3 1 0
github.com/vshulcz/Golectra/cmd/agent/main.go:23.2,24.16 2 0
github.com/vshulcz/Golectra/cmd/agent/main.go:24.16,26.3 1 0
github.com/vshulcz/Golectra/cmd/agent/main.go:27.2,35.40 6 0
github.com/vshulcz/Golectra/cmd/agent/main.go:35.40,37.3 1 0
github.com/vshulcz/Golectra/cmd/server/init.go:18.110,20.19 2 0
github.com/vshulcz/Golectra/cmd/server/init.go:20.19,22.17 2 0
github.com/vshulcz/Golectra/cmd/server/init.go:22.17,23.23 1 0
github.com/vshulcz/Golectra/cmd/server/init.go:23.23,24.47 1 0
github.com/vshulcz/Golectra/cmd/server/init.go:24.47,26.6 1 0
github.com/vshulcz/Golectra/cmd/server/init.go:27.5,27.30 1 0
github.com/vshulcz/Golectra/cmd/server/init.go:29.4,29.86 1 0
github.com/vshulcz/Golectra/cmd/server/init.go:29.86,32.5 2 0
github.com/vshulcz/Golectra/cmd/server/init.go:34.3,34.78 1 0
github.com/vshulcz/Golectra/cmd/server/init.go:36.2,38.17 3 0
github.com/vshulcz/Golectra/cmd/server/init.go:38.17,39.46 1 0
github.com/vshulcz/Golectra/cmd/server/init.go:39.46,41.4 1 0
github.com/vshulcz/Golectra/cmd/server/init.go:41.9,43.4 1 0
github.com/vshulcz/Golectra/cmd/server/init.go:45.2,45.16 1 0
github.com/vshulcz/Golectra/cmd/server/main.go:22.13,23.41 1 0
github.com/vshulcz/Golectra/cmd/server/main.go:23.41,25.3 1 0
github.com/vshulcz/Golectra/cmd/server/main.go:28.31,30.16 2 0
github.com/vshulcz/Golectra/cmd/server/main.go:30.16,32.3 1 0
github.com/vshulcz/Golectra/cmd/server/main.go:34.2,35.16 2 0
github.com/vshulcz/Golectra/cmd/server/main.go:35.16,37.3 1 0
github.com/vshulcz/Golectra/cmd/server/main.go:38.2,38.15 1 0
github.com/vshulcz/Golectra/cmd/server/main.go:38.15,39.41 1 0
github.com/vshulcz/Golectra/cmd/server/main.go:39.41,41.4 1 0
github.com/vshulcz/Golectra/cmd/server/main.go:44.2,45.60 2 0
github.com/vshulcz/Golectra/cmd/server/main.go:45.60,46.23 1 0
github.com/vshulcz/Golectra/cmd/server/main.go:46.23,47.49 1 0
github.com/vshulcz/Golectra/cmd/server/main.go:47.49,49.5 1 0
github.com/vshulcz/Golectra/cmd/server/main.go:53.2,68.39 7 0
github.com/vshulcz/Golectra/cmd/server/main.go:68.39,69.23 1 0
github.com/vshulcz/Golectra/cmd/server/main.go:69.23,71.4 1 0
github.com/vshulcz/Golectra/cmd/server/main.go:72.3,73.13 2 0
github.com/vshulcz/Golectra/cmd/server/main.go:73.13,74.23 1 0
github.com/vshulcz/Golectra/cmd/server/main.go:74.23,75.86 1 0
github.com/vshulcz/Golectra/cmd/server/main.go:75.86,76.68 1 0
github.com/vshulcz/Golectra/cmd/server/main.go:76.68,78.7 1 0
github.com/vshulcz/Golectra/cmd/server/main.go:84.2,92.86 2 0
github.com/vshulcz/Golectra/cmd/server/main.go:92.86,94.3 1 0
github.com/vshulcz/Golectra/cmd/server/main.go:95.2,95.12 1 0
github.com/vshulcz/Golectra/cmd/server/main.go:98.80,99.47 1 0
github.com/vshulcz/Golectra/cmd/server/main.go:99.47,101.3 1 0
github.com/vshulcz/Golectra/cmd/server/main.go:102.2,103.42 2 0
github.com/vshulcz/Golectra/cmd/server/main.go:103.42,105.3 1 0
github.com/vshulcz/Golectra/cmd/server/main.go:106.2,106.25 1 0
github.com/vshulcz/Golectra/cmd/server/main.go:106.25,108.3 1 0
github.com/vshulcz/Golectra/cmd/server/main.go:109.2,109.24 1 0
github.com/vshulcz/Golectra/cmd/server/main.go:109.24,111.17 2 0
github.com/vshulcz/Golectra/cmd/server/main.go:111.17,113.4 1 0
github.com/vshulcz/Golectra/cmd/server/main.go:114.3,114.25 1 0
github.com/vshulcz/Golectra/cmd/server/main.go:116.2,116.16 1 0
github.com/vshulcz/Golectra/internal/adapters/http/ginserver/middlewares/gin_gzip.go:17.54,19.2 1 0
github.com/vshulcz/Golectra/internal/adapters/http/ginserver/middlewares/gin_gzip.go:21.40,22.37 1 0
github.com/vshulcz/Golectra/internal/adapters/http/ginserver/middlewares/gin_gzip.go:22.37,24.3 1 0
github.com/vshulcz/Golectra/internal/adapters/http/ginserver/middlewares/gin_gzip.go:25.2,25.18 1 0
github.com/vshulcz/Golectra/internal/adapters/http/ginserver/middlewares/gin_gzip.go:25.18,27.3 1 0
github.com/vshulcz/Golectra/internal/adapters/http/ginserver/middlewares/gin_gzip.go:28.2,28.12 1 0
github.com/vshulcz/Golectra/internal/adapters/http/ginserver/middlewares/gin_gzip.go:32.36,33.30 1 0
github.com/vshulcz/Golectra/internal/adapters/http/ginserver/middlewares/gin_gzip.go:33.30,34.93 1 0
github.com/vshulcz/Golectra/internal/adapters/http/ginserver/middlewares/gin_gzip.go:34.93,36.18 2 0
github.com/vshulcz/Golectra/internal/adapters/http/ginserver/middlewares/gin_gzip.go:36.18,39.5 2 0
github.com/vshulcz/Golectra/internal/adapters/http/ginserver/middlewares/gin_gzip.go:40.4,41.42 2 0
github.com/vshulcz/Golectra/internal/adapters/http/ginserver/middlewares/gin_gzip.go:43.3,43.11 1 0
github.com/vshulcz/Golectra/internal/adapters/http/ginserver/middlewares/gin_gzip.go:55.39,56.15 1 0
github.com/vshulcz/Golectra/internal/adapters/http/ginserver/middlewares/gin_gzip.go:56.15,58.3 1 0
github.com/vshulcz/Golectra/internal/adapters/http/ginserver/middlewares/gin_gzip.go:59.2,61.19 2 0
github.com/vshulcz/Golectra/internal/adapters/http/ginserver/middlewares/gin_gzip.go:61.19,63.3 1 0
github.com/vshulcz/Golectra/internal/adapters/http/ginserver/middlewares/gin_gzip.go:64.2,65.87 2 0
github.com/vshulcz/Golectra/internal/adapters/http/ginserver/middlewares/gin_gzip.go:65.87,67.3 1 0
github.com/vshulcz/Golectra/internal/adapters/http/ginserver/middlewares/gin_gzip.go:68.2,69.35 2 0
github.com/vshulcz/Golectra/internal/adapters/http/ginserver/middlewares/gin_gzip.go:69.35,71.3 1 0
github.com/vshulcz/Golectra/internal/adapters/http/ginserver/middlewares/gin_gzip.go:73.2,76.19 4 0
github.com/vshulcz/Golectra/internal/adapters/http/ginserver/middlewares/gin_gzip.go:79.52,81.2 1 0
github.com/vshulcz/Golectra/internal/adapters/http/ginserver/middlewares/gin_gzip.go:83.59,84.16 1 0
github.com/vshulcz/Golectra/internal/adapters/http/ginserver/middlewares/gin_gzip.go:84.16,86.3 1 0
github.com/vshulcz/Golectra/internal/adapters/http/ginserver/middlewares/gin_gzip.go:87.2,87.16 1 0
github.com/vshulcz/Golectra/internal/adapters/http/ginserver/middlewares/gin_gzip.go:87.16,89.3 1 0
github.com/vshulcz/Golectra/internal/adapters/http/ginserver/middlewares/gin_gzip.go:90.2,90.34 1 0
github.com/vshulcz/Golectra/internal/adapters/http/ginserver/middlewares/gin_gzip.go:93.44,94.18 1 0
github.com/vshulcz/Golectra/internal/adapters/http/ginserver/middlewares/gin_gzip.go:94.18,96.3 1 0
github.com/vshulcz/Golectra/internal/adapters/http/ginserver/middlewares/gin_gzip.go:97.2,97.12 1 0
github.com/vshulcz/Golectra/internal/adapters/http/ginserver/middlewares/gin_gzip.go:101.37,102.30 1 0
github.com/vshulcz/Golectra/internal/adapters/http/ginserver/middlewares/gin_gzip.go:102.30,104.14 2 0
github.com/vshulcz/Golectra/internal/adapters/http/ginserver/middlewares/gin_gzip.go:104.14,107.4 2 0
github.com/vshulcz/Golectra/internal/adapters/http/ginserver/middlewares/gin_gzip.go:108.3,111.37 4 0
github.com/vshulcz/Golectra/internal/adapters/http/ginserver/middlewares/gin_gzip.go:111.37,113.4 1 0
github.com/vshulcz/Golectra/internal/adapters/http/ginserver/middlewares/hashsha256.go:19.57,20.19 1 0
github.com/vshulcz/Golectra/internal/adapters/http/ginserver/middlewares/hashsha256.go:20.19,22.3 1 0
github.com/vshulcz/Golectra/internal/adapters/http/ginserver/middlewares/hashsha256.go:23.2,23.24 1 0
github.com/vshulcz/Golectra/internal/adapters/http/ginserver/middlewares/hashsha256.go:26.50,28.2 1 0
github.com/vshulcz/Golectra/internal/adapters/http/ginserver/middlewares/hashsha256.go:31.45,33.15 2 0
github.com/vshulcz/Golectra/internal/adapters/http/ginserver/middlewares/hashsha256.go:33.15,34.31 1 0
github.com/vshulcz/Golectra/internal/adapters/http/ginserver/middlewares/hashsha256.go:34.31,36.4 1 0
github.com/vshulcz/Golectra/internal/adapters/http/ginserver/middlewares/hashsha256.go:39.2,39.30 1 0
github.com/vshulcz/Golectra/internal/adapters/http/ginserver/middlewares/hashsha256.go:39.30,43.69 3 0
github.com/vshulcz/Golectra/internal/adapters/http/ginserver/middlewares/hashsha256.go:43.69,45.18 2 0
github.com/vshulcz/Golectra/internal/adapters/http/ginserver/middlewares/hashsha256.go:45.18,47.5 1 0
github.com/vshulcz/Golectra/internal/adapters/http/ginserver/middlewares/hashsha256.go:47.10,48.50 1 0
github.com/vshulcz/Golectra/internal/adapters/http/ginserver/middlewares/hashsha256.go:48.50,50.6 1 0
github.com/vshulcz/Golectra/internal/adapters/http/ginserver/middlewares/hashsha256.go:51.5,52.25 2 0
github.com/vshulcz/Golectra/internal/adapters/http/ginserver/middlewares/hashsha256.go:52.25,54.39 2 0
github.com/vshulcz/Golectra/internal/adapters/http/ginserver/middlewares/hashsha256.go:54.39,56.7 1 0
github.com/vshulcz/Golectra/internal/adapters/http/ginserver/middlewares/hashsha256.go:61.3,61.21 1 0
github.com/vshulcz/Golectra/internal/adapters/http/ginserver/middlewares/hashsha256.go:61.21,63.4 1 0
github.com/vshulcz/Golectra/internal/adapters/http/ginserver/middlewares/hashsha256.go:65.3,65.24 1 0
github.com/vshulcz/Golectra/internal/adapters/http/ginserver/middlewares/hashsha256.go:65.24,68.4 2 0
github.com/vshulcz/Golectra/internal/adapters/http/ginserver/middlewares/hashsha256.go:70.3,71.18 2 0
github.com/vshulcz/Golectra/internal/adapters/http/ginserver/middlewares/hashsha256.go:71.18,73.4 1 0
github.com/vshulcz/Golectra/internal/adapters/http/ginserver/middlewares/hashsha256.go:75.3,77.60 3 0
github.com/vshulcz/Golectra/internal/adapters/http/ginserver/middlewares/hashsha256.go:77.60,79.4 1 0
github.com/vshulcz/Golectra/internal/adapters/http/ginserver/middlewares/zap_logger.go:11.47,12.30 1 0
github.com/vshulcz/Golectra/internal/adapters/http/ginserver/middlewares/zap_logger.go:12.30,30.3 8 0
